Arguments: 
  /Users/linhao/.nvm/versions/node/v16.1.0/bin/node /opt/homebrew/bin/yarn init

PATH: 
  /Users/linhao/.nvm/versions/node/v16.1.0/bin:/opt/homebrew/bin:/opt/homebrew/sbin:/opt/homebrew/bin:/opt/homebrew/sbin:/Applications/Brizoo.app/Contents/Public:/usr/local/bin:/usr/bin:/bin:/usr/sbin:/sbin:/Users/linhao/.nvm/versions/node/v16.1.0/bin:/opt/homebrew/bin:/opt/homebrew/sbin:/Users/linhao/.cargo/bin

Yarn version: 
  1.22.10

Node version: 
  16.1.0

Platform: 
  darwin arm64

Trace: 
  Error: canceled
      at Interface.<anonymous> (/opt/homebrew/lib/node_modules/yarn/lib/cli.js:136216:13)
      at Interface.emit (node:events:365:28)
      at Interface._ttyWrite (node:readline:998:16)
      at ReadStream.onkeypress (node:readline:262:10)
      at ReadStream.emit (node:events:365:28)
      at emitKeys (node:internal/readline/utils:358:14)
      at emitKeys.next (<anonymous>)
      at ReadStream.onData (node:internal/readline/emitKeypressEvents:61:36)
      at ReadStream.emit (node:events:365:28)
      at addChunk (node:internal/streams/readable:314:12)

npm manifest: 
  No manifest

yarn manifest: 
  No manifest

Lockfile: 
  No lockfile
